<?xml version="1.0" encoding="UTF-8"?>
<testng-results skipped="0" failed="0" ignored="0" total="1" passed="1">
  <reporter-output>
  </reporter-output>
  <suite name="Default suite" duration-ms="12562" started-at="2020-02-20T13:29:54 IST" finished-at="2020-02-20T13:30:06 IST">
    <groups>
    </groups>
    <test name="Default test" duration-ms="12562" started-at="2020-02-20T13:29:54 IST" finished-at="2020-02-20T13:30:06 IST">
      <class name="gradle_demo.github_1">
        <test-method status="PASS" signature="listcount()[pri:0, instance:gradle_demo.github_1@7494e528]" name="listcount" duration-ms="12498" started-at="2020-02-20T13:29:54 IST" finished-at="2020-02-20T13:30:06 IST">
          <reporter-output>
          </reporter-output>
        </test-method> <!-- listcount -->
      </class> <!-- gradle_demo.github_1 -->
    </test> <!-- Default test -->
  </suite> <!-- Default suite -->
</testng-results>
